AndroidProjects/Tunnel_v1.2/launcher/build/intermediates/manifest_merge_blame_file/debug/manifest-merger-blame-debug-report.txt
1<?xml version="1.0" encoding="utf-8"?>
2<!-- GENERATED BY UNITY. REMOVE THIS COMMENT TO PREVENT OVERWRITING WHEN EXPORTING AGAIN -->
3<manifest xmlns:android="http://schemas.android.com/apk/res/android"
4    package="com.DefaultCompany.Tunnel"
5    android:installLocation="preferExternal"
6    android:versionCode="1"
7    android:versionName="0.1" >
8
9    <uses-sdk
10        android:minSdkVersion="19"
10-->src\main\AndroidManifest.xml
11        android:targetSdkVersion="32" />
11-->src\main\AndroidManifest.xml
12
13    <supports-screens
13-->src\main\AndroidManifest.xml:4:3-163
14        android:anyDensity="true"
14-->src\main\AndroidManifest.xml:4:135-160
15        android:largeScreens="true"
15-->src\main\AndroidManifest.xml:4:78-105
16        android:normalScreens="true"
16-->src\main\AndroidManifest.xml:4:49-77
17        android:smallScreens="true"
17-->src\main\AndroidManifest.xml:4:21-48
18        android:xlargeScreens="true" />
18-->src\main\AndroidManifest.xml:4:106-134
19
20    <uses-feature android:glEsVersion="0x00030000" />
20-->[:unityLibrary] AndroidManifest.xml:11:5-54
20-->[:unityLibrary] AndroidManifest.xml:11:19-51
21    <uses-feature
21-->[:unityLibrary] AndroidManifest.xml:12:5-14:36
22        android:name="android.hardware.vulkan.version"
22-->[:unityLibrary] AndroidManifest.xml:13:9-55
23        android:required="false" />
23-->[:unityLibrary] AndroidManifest.xml:14:9-33
24
25    <uses-permission android:name="android.permission.INTERNET" />
25-->[:unityLibrary] AndroidManifest.xml:16:5-67
25-->[:unityLibrary] AndroidManifest.xml:16:22-64
26
27    <uses-feature
27-->[:unityLibrary] AndroidManifest.xml:18:5-20:36
28        android:name="android.hardware.touchscreen"
28-->[:unityLibrary] AndroidManifest.xml:19:9-52
29        android:required="false" />
29-->[:unityLibrary] AndroidManifest.xml:20:9-33
30    <uses-feature
30-->[:unityLibrary] AndroidManifest.xml:21:5-23:36
31        android:name="android.hardware.touchscreen.multitouch"
31-->[:unityLibrary] AndroidManifest.xml:22:9-63
32        android:required="false" />
32-->[:unityLibrary] AndroidManifest.xml:23:9-33
33    <uses-feature
33-->[:unityLibrary] AndroidManifest.xml:24:5-26:36
34        android:name="android.hardware.touchscreen.multitouch.distinct"
34-->[:unityLibrary] AndroidManifest.xml:25:9-72
35        android:required="false" />
35-->[:unityLibrary] AndroidManifest.xml:26:9-33
36
37    <application
37-->src\main\AndroidManifest.xml:5:3-83
38        android:debuggable="true"
39        android:icon="@mipmap/app_icon"
39-->src\main\AndroidManifest.xml:5:49-80
40        android:label="@string/app_name"
40-->src\main\AndroidManifest.xml:5:16-48
41        android:testOnly="true" >
42        <activity
42-->[:unityLibrary] AndroidManifest.xml:29:9-50:20
43            android:name="com.unity3d.player.UnityPlayerActivity"
43-->[:unityLibrary] AndroidManifest.xml:30:13-66
44            android:configChanges="mcc|mnc|locale|touchscreen|keyboard|keyboardHidden|navigation|orientation|screenLayout|uiMode|screenSize|smallestScreenSize|fontScale|layoutDirection|density"
44-->[:unityLibrary] AndroidManifest.xml:31:13-194
45            android:exported="true"
45-->[:unityLibrary] AndroidManifest.xml:32:13-36
46            android:hardwareAccelerated="false"
46-->[:unityLibrary] AndroidManifest.xml:33:13-48
47            android:launchMode="singleTask"
47-->[:unityLibrary] AndroidManifest.xml:34:13-44
48            android:resizeableActivity="false"
48-->[:unityLibrary] AndroidManifest.xml:35:13-47
49            android:screenOrientation="fullSensor"
49-->[:unityLibrary] AndroidManifest.xml:36:13-51
50            android:theme="@style/UnityThemeSelector" >
50-->[:unityLibrary] AndroidManifest.xml:37:13-54
51            <intent-filter>
51-->[:unityLibrary] AndroidManifest.xml:38:13-42:29
52                <action android:name="android.intent.action.MAIN" />
52-->[:unityLibrary] AndroidManifest.xml:39:17-69
52-->[:unityLibrary] AndroidManifest.xml:39:25-66
53
54                <category android:name="android.intent.category.LAUNCHER" />
54-->[:unityLibrary] AndroidManifest.xml:41:17-77
54-->[:unityLibrary] AndroidManifest.xml:41:27-74
55            </intent-filter>
56
57            <meta-data
57-->[:unityLibrary] AndroidManifest.xml:44:13-46:40
58                android:name="unityplayer.UnityActivity"
58-->[:unityLibrary] AndroidManifest.xml:45:17-57
59                android:value="true" />
59-->[:unityLibrary] AndroidManifest.xml:46:17-37
60            <meta-data
60-->[:unityLibrary] AndroidManifest.xml:47:13-49:40
61                android:name="android.notch_support"
61-->[:unityLibrary] AndroidManifest.xml:48:17-53
62                android:value="true" />
62-->[:unityLibrary] AndroidManifest.xml:49:17-37
63        </activity>
64
65        <meta-data
65-->[:unityLibrary] AndroidManifest.xml:52:9-54:33
66            android:name="unity.splash-mode"
66-->[:unityLibrary] AndroidManifest.xml:53:13-45
67            android:value="0" />
67-->[:unityLibrary] AndroidManifest.xml:54:13-30
68        <meta-data
68-->[:unityLibrary] AndroidManifest.xml:55:9-57:36
69            android:name="unity.splash-enable"
69-->[:unityLibrary] AndroidManifest.xml:56:13-47
70            android:value="True" />
70-->[:unityLibrary] AndroidManifest.xml:57:13-33
71        <meta-data
71-->[:unityLibrary] AndroidManifest.xml:58:9-60:37
72            android:name="unity.allow-resizable-window"
72-->[:unityLibrary] AndroidManifest.xml:59:13-56
73            android:value="False" />
73-->[:unityLibrary] AndroidManifest.xml:60:13-34
74        <meta-data
74-->[:unityLibrary] AndroidManifest.xml:61:9-63:50
75            android:name="notch.config"
75-->[:unityLibrary] AndroidManifest.xml:62:13-40
76            android:value="portrait|landscape" />
76-->[:unityLibrary] AndroidManifest.xml:63:13-47
77        <meta-data
77-->[:unityLibrary] AndroidManifest.xml:64:9-66:68
78            android:name="unity.build-id"
78-->[:unityLibrary] AndroidManifest.xml:65:13-42
79            android:value="10ff0d68-c6f8-44a3-a273-2734dd2aca29" />
79-->[:unityLibrary] AndroidManifest.xml:66:13-65
80    </application>
81
82</manifest>